  191.4    59.1
  107.6    71.4
  310.8    79.1
   10.3    75.5
  203.4    62.0
  345.4    46.2
  216.6    88.2
  293.1    69.7
   54.5    70.6
  163.9    83.6
  277.5    74.5
  300.9    78.1
  311.2    82.2
  171.6    77.5
  114.1    81.7
  308.5    83.3
  272.3    83.5
    1.1    81.7
  333.0    67.5
   55.3    83.9
  145.7    74.9
  159.6    54.4
  193.0    66.7
  173.7    83.3
  224.6    76.6
   96.2    67.2
  158.1    81.5
  262.1    64.0
  300.0    72.0
  110.4    80.5
   22.1    77.6
  138.4    84.3
   66.1    67.5
  161.2    81.4
  333.3    72.0
  150.4    84.6
  331.3    65.4
  116.3    64.4
  245.5    75.4
  324.3    60.2
  339.4    74.2
   63.1    67.9
  291.9    62.7
  112.3    59.9
  237.5    77.4
   41.9    75.0
  314.9    59.8
  251.1    70.9
  238.5    67.5
  140.3    61.6
  216.1    55.8
  332.1    54.7
  354.4    72.8
  145.3    71.7
  109.8    68.7
  311.1    70.9
   73.4    81.3
   79.5    74.3
  144.6    80.0
  210.8    70.3
  145.7    58.7
   36.3    71.9
  109.2    72.9
  296.0    77.2
  147.5    74.9
  112.0    67.7
   68.8    77.5
  329.7    74.7
  170.2    73.2
  241.6    79.5
  243.8    74.6
   30.7    63.6
    8.0    76.4
  133.8    72.9
  268.4    62.5
  231.2    83.1
    1.5    84.8
   71.8    83.7
  201.7    64.0
    3.1    68.7
  352.1    68.7
  200.5    77.5
  231.2    67.1
  337.2    89.0
  280.5    83.8
   85.8    71.7
  215.0    88.0
  340.4    65.2
   64.5    56.8
  308.0    88.9
  338.9    76.1
    3.4    69.0
   69.6    81.2
   83.6    78.5
  227.3    78.5
  343.9    66.1
  308.3    69.9
  191.2    83.3
  219.9    65.2
  254.5    66.6
