This file contains any messages produced by compilers while
running configure, to aid debugging if configure makes a mistake.

It was created by r3 configure 1.3.3, which was
generated by GNU Autoconf 2.69.  Invocation command line was

  $ ./configure --enable-shared=false --with-pic --no-create --no-recursion

## --------- ##
## Platform. ##
## --------- ##

hostname = itx
uname -m = x86_64
uname -r = 4.4.0-66-generic
uname -s = Linux
uname -v = #87-Ubuntu SMP Fri Mar 3 15:29:05 UTC 2017

/usr/bin/uname -p = unknown
/bin/uname -X     = unknown

/bin/arch              = unknown
/usr/bin/arch -k       = unknown
/usr/convex/getsysinfo = unknown
/usr/bin/hostinfo      = unknown
/bin/machine           = unknown
/usr/bin/oslevel       = unknown
/bin/universe          = unknown

PATH: /home/iceboy/bin
PATH: /home/iceboy/.cargo/bin
PATH: /home/iceboy/.cargo/bin
PATH: /home/iceboy/bin
PATH: /usr/local/sbin
PATH: /usr/local/bin
PATH: /usr/sbin
PATH: /usr/bin
PATH: /sbin
PATH: /bin
PATH: /usr/games
PATH: /usr/local/games


## ----------- ##
## Core tests. ##
## ----------- ##

configure:2552: checking for gcc
configure:2568: found /usr/bin/gcc
configure:2579: result: gcc
configure:2808: checking for C compiler version
configure:2817: gcc --version >&5
gcc (Ubuntu 5.4.0-6ubuntu1~16.04.4) 5.4.0 20160609
Copyright (C) 2015 Free Software Foundation, Inc.
This is free software; see the source for copying conditions.  There is NO
warranty; not even for MERCHANTABILITY or FITNESS FOR A PARTICULAR PURPOSE.

configure:2828: $? = 0
configure:2817: gcc -v >&5
Using built-in specs.
COLLECT_GCC=gcc
COLLECT_LTO_WRAPPER=/usr/lib/gcc/x86_64-linux-gnu/5/lto-wrapper
Target: x86_64-linux-gnu
Configured with: ../src/configure -v --with-pkgversion='Ubuntu 5.4.0-6ubuntu1~16.04.4' --with-bugurl=file:///usr/share/doc/gcc-5/README.Bugs --enable-languages=c,ada,c++,java,go,d,fortran,objc,obj-c++ --prefix=/usr --program-suffix=-5 --enable-shared --enable-linker-build-id --libexecdir=/usr/lib --without-included-gettext --enable-threads=posix --libdir=/usr/lib --enable-nls --with-sysroot=/ --enable-clocale=gnu --enable-libstdcxx-debug --enable-libstdcxx-time=yes --with-default-libstdcxx-abi=new --enable-gnu-unique-object --disable-vtable-verify --enable-libmpx --enable-plugin --with-system-zlib --disable-browser-plugin --enable-java-awt=gtk --enable-gtk-cairo --with-java-home=/usr/lib/jvm/java-1.5.0-gcj-5-amd64/jre --enable-java-home --with-jvm-root-dir=/usr/lib/jvm/java-1.5.0-gcj-5-amd64 --with-jvm-jar-dir=/usr/lib/jvm-exports/java-1.5.0-gcj-5-amd64 --with-arch-directory=amd64 --with-ecj-jar=/usr/share/java/eclipse-ecj.jar --enable-objc-gc --enable-multiarch --disable-werror --with-arch-32=i686 --with-abi=m64 --with-multilib-list=m32,m64,mx32 --enable-multilib --with-tune=generic --enable-checking=release --build=x86_64-linux-gnu --host=x86_64-linux-gnu --target=x86_64-linux-gnu
Thread model: posix
gcc version 5.4.0 20160609 (Ubuntu 5.4.0-6ubuntu1~16.04.4) 
configure:2828: $? = 0
configure:2817: gcc -V >&5
gcc: error: unrecognized command line option '-V'
gcc: fatal error: no input files
compilation terminated.
configure:2828: $? = 1
configure:2817: gcc -qversion >&5
gcc: error: unrecognized command line option '-qversion'
gcc: fatal error: no input files
compilation terminated.
configure:2828: $? = 1
configure:2848: checking whether the C compiler works
configure:2870: gcc    conftest.c  >&5
configure:2874: $? = 0
configure:2922: result: yes
configure:2925: checking for C compiler default output file name
configure:2927: result: a.out
configure:2933: checking for suffix of executables
configure:2940: gcc -o conftest    conftest.c  >&5
configure:2944: $? = 0
configure:2966: result: 
configure:2988: checking whether we are cross compiling
configure:2996: gcc -o conftest    conftest.c  >&5
configure:3000: $? = 0
configure:3007: ./conftest
configure:3011: $? = 0
configure:3026: result: no
configure:3031: checking for suffix of object files
configure:3053: gcc -c   conftest.c >&5
configure:3057: $? = 0
configure:3078: result: o
configure:3082: checking whether we are using the GNU C compiler
configure:3101: gcc -c   conftest.c >&5
configure:3101: $? = 0
configure:3110: result: yes
configure:3119: checking whether gcc accepts -g
configure:3139: gcc -c -g  conftest.c >&5
configure:3139: $? = 0
configure:3180: result: yes
configure:3197: checking for gcc option to accept ISO C89
configure:3260: gcc  -c -g -O2  conftest.c >&5
configure:3260: $? = 0
configure:3273: result: none needed
configure:3298: checking whether gcc understands -c and -o together
configure:3320: gcc -c conftest.c -o conftest2.o
configure:3323: $? = 0
configure:3320: gcc -c conftest.c -o conftest2.o
configure:3323: $? = 0
configure:3335: result: yes
configure:3358: checking how to run the C preprocessor
configure:3389: gcc -E  conftest.c
configure:3389: $? = 0
configure:3403: gcc -E  conftest.c
conftest.c:9:28: fatal error: ac_nonexistent.h: No such file or directory
compilation terminated.
configure:3403: $? = 1
configure: failed program was:
| /* confdefs.h */
| #define PACKAGE_NAME "r3"
| #define PACKAGE_TARNAME "r3"
| #define PACKAGE_VERSION "1.3.3"
| #define PACKAGE_STRING "r3 1.3.3"
| #define PACKAGE_BUGREPORT ""
| #define PACKAGE_URL ""
| /* end confdefs.h.  */
| #include <ac_nonexistent.h>
configure:3428: result: gcc -E
configure:3448: gcc -E  conftest.c
configure:3448: $? = 0
configure:3462: gcc -E  conftest.c
conftest.c:9:28: fatal error: ac_nonexistent.h: No such file or directory
compilation terminated.
configure:3462: $? = 1
configure: failed program was:
| /* confdefs.h */
| #define PACKAGE_NAME "r3"
| #define PACKAGE_TARNAME "r3"
| #define PACKAGE_VERSION "1.3.3"
| #define PACKAGE_STRING "r3 1.3.3"
| #define PACKAGE_BUGREPORT ""
| #define PACKAGE_URL ""
| /* end confdefs.h.  */
| #include <ac_nonexistent.h>
configure:3491: checking for grep that handles long lines and -e
configure:3549: result: /bin/grep
configure:3554: checking for egrep
configure:3616: result: /bin/grep -E
configure:3621: checking for ANSI C header files
configure:3641: gcc -c -g -O2  conftest.c >&5
configure:3641: $? = 0
configure:3714: gcc -o conftest -g -O2   conftest.c  >&5
configure:3714: $? = 0
configure:3714: ./conftest
configure:3714: $? = 0
configure:3725: result: yes
configure:3738: checking for sys/types.h
configure:3738: gcc -c -g -O2  conftest.c >&5
configure:3738: $? = 0
configure:3738: result: yes
configure:3738: checking for sys/stat.h
configure:3738: gcc -c -g -O2  conftest.c >&5
configure:3738: $? = 0
configure:3738: result: yes
configure:3738: checking for stdlib.h
configure:3738: gcc -c -g -O2  conftest.c >&5
configure:3738: $? = 0
configure:3738: result: yes
configure:3738: checking for string.h
configure:3738: gcc -c -g -O2  conftest.c >&5
configure:3738: $? = 0
configure:3738: result: yes
configure:3738: checking for memory.h
configure:3738: gcc -c -g -O2  conftest.c >&5
configure:3738: $? = 0
configure:3738: result: yes
configure:3738: checking for strings.h
configure:3738: gcc -c -g -O2  conftest.c >&5
configure:3738: $? = 0
configure:3738: result: yes
configure:3738: checking for inttypes.h
configure:3738: gcc -c -g -O2  conftest.c >&5
configure:3738: $? = 0
configure:3738: result: yes
configure:3738: checking for stdint.h
configure:3738: gcc -c -g -O2  conftest.c >&5
configure:3738: $? = 0
configure:3738: result: yes
configure:3738: checking for unistd.h
configure:3738: gcc -c -g -O2  conftest.c >&5
configure:3738: $? = 0
configure:3738: result: yes
configure:3751: checking minix/config.h usability
configure:3751: gcc -c -g -O2  conftest.c >&5
conftest.c:52:26: fatal error: minix/config.h: No such file or directory
compilation terminated.
configure:3751: $? = 1
configure: failed program was:
| /* confdefs.h */
| #define PACKAGE_NAME "r3"
| #define PACKAGE_TARNAME "r3"
| #define PACKAGE_VERSION "1.3.3"
| #define PACKAGE_STRING "r3 1.3.3"
| #define PACKAGE_BUGREPORT ""
| #define PACKAGE_URL ""
| #define STDC_HEADERS 1
| #define HAVE_SYS_TYPES_H 1
| #define HAVE_SYS_STAT_H 1
| #define HAVE_STDLIB_H 1
| #define HAVE_STRING_H 1
| #define HAVE_MEMORY_H 1
| #define HAVE_STRINGS_H 1
| #define HAVE_INTTYPES_H 1
| #define HAVE_STDINT_H 1
| #define HAVE_UNISTD_H 1
| /* end confdefs.h.  */
| #include <stdio.h>
| #ifdef HAVE_SYS_TYPES_H
| # include <sys/types.h>
| #endif
| #ifdef HAVE_SYS_STAT_H
| # include <sys/stat.h>
| #endif
| #ifdef STDC_HEADERS
| # include <stdlib.h>
| # include <stddef.h>
| #else
| # ifdef HAVE_STDLIB_H
| #  include <stdlib.h>
| # endif
| #endif
| #ifdef HAVE_STRING_H
| # if !defined STDC_HEADERS && defined HAVE_MEMORY_H
| #  include <memory.h>
| # endif
| # include <string.h>
| #endif
| #ifdef HAVE_STRINGS_H
| # include <strings.h>
| #endif
| #ifdef HAVE_INTTYPES_H
| # include <inttypes.h>
| #endif
| #ifdef HAVE_STDINT_H
| # include <stdint.h>
| #endif
| #ifdef HAVE_UNISTD_H
| # include <unistd.h>
| #endif
| #include <minix/config.h>
configure:3751: result: no
configure:3751: checking minix/config.h presence
configure:3751: gcc -E  conftest.c
conftest.c:19:26: fatal error: minix/config.h: No such file or directory
compilation terminated.
configure:3751: $? = 1
configure: failed program was:
| /* confdefs.h */
| #define PACKAGE_NAME "r3"
| #define PACKAGE_TARNAME "r3"
| #define PACKAGE_VERSION "1.3.3"
| #define PACKAGE_STRING "r3 1.3.3"
| #define PACKAGE_BUGREPORT ""
| #define PACKAGE_URL ""
| #define STDC_HEADERS 1
| #define HAVE_SYS_TYPES_H 1
| #define HAVE_SYS_STAT_H 1
| #define HAVE_STDLIB_H 1
| #define HAVE_STRING_H 1
| #define HAVE_MEMORY_H 1
| #define HAVE_STRINGS_H 1
| #define HAVE_INTTYPES_H 1
| #define HAVE_STDINT_H 1
| #define HAVE_UNISTD_H 1
| /* end confdefs.h.  */
| #include <minix/config.h>
configure:3751: result: no
configure:3751: checking for minix/config.h
configure:3751: result: no
configure:3772: checking whether it is safe to define __EXTENSIONS__
configure:3790: gcc -c -g -O2  conftest.c >&5
configure:3790: $? = 0
configure:3797: result: yes
configure:3825: checking whether make supports nested variables
configure:3842: result: yes
configure:3869: checking for a BSD-compatible install
configure:3937: result: /usr/bin/install -c
configure:3948: checking whether build environment is sane
configure:4003: result: yes
configure:4151: checking for a thread-safe mkdir -p
configure:4190: result: /bin/mkdir -p
configure:4197: checking for gawk
configure:4213: found /usr/bin/gawk
configure:4224: result: gawk
configure:4235: checking whether make sets $(MAKE)
configure:4257: result: yes
configure:4287: checking for style of include used by make
configure:4315: result: GNU
configure:4412: checking dependency style of gcc
configure:4523: result: gcc3
configure:4610: checking build system type
configure:4624: result: x86_64-pc-linux-gnu
configure:4644: checking host system type
configure:4657: result: x86_64-pc-linux-gnu
configure:4698: checking how to print strings
configure:4725: result: printf
configure:4746: checking for a sed that does not truncate output
configure:4810: result: /bin/sed
configure:4828: checking for fgrep
configure:4890: result: /bin/grep -F
configure:4925: checking for ld used by gcc
configure:4992: result: /usr/bin/ld
configure:4999: checking if the linker (/usr/bin/ld) is GNU ld
configure:5014: result: yes
configure:5026: checking for BSD- or MS-compatible name lister (nm)
configure:5080: result: /usr/bin/nm -B
configure:5210: checking the name lister (/usr/bin/nm -B) interface
configure:5217: gcc -c -g -O2  conftest.c >&5
configure:5220: /usr/bin/nm -B "conftest.o"
configure:5223: output
0000000000000000 B some_variable
configure:5230: result: BSD nm
configure:5233: checking whether ln -s works
configure:5237: result: yes
configure:5245: checking the maximum length of command line arguments
configure:5376: result: 1572864
configure:5424: checking how to convert x86_64-pc-linux-gnu file names to x86_64-pc-linux-gnu format
configure:5464: result: func_convert_file_noop
configure:5471: checking how to convert x86_64-pc-linux-gnu file names to toolchain format
configure:5491: result: func_convert_file_noop
configure:5498: checking for /usr/bin/ld option to reload object files
configure:5505: result: -r
configure:5579: checking for objdump
configure:5595: found /usr/bin/objdump
configure:5606: result: objdump
configure:5638: checking how to recognize dependent libraries
configure:5838: result: pass_all
configure:5923: checking for dlltool
configure:5953: result: no
configure:5983: checking how to associate runtime and link libraries
configure:6010: result: printf %s\n
configure:6070: checking for ar
configure:6086: found /usr/bin/ar
configure:6097: result: ar
configure:6134: checking for archiver @FILE support
configure:6151: gcc -c -g -O2  conftest.c >&5
configure:6151: $? = 0
configure:6154: ar cru libconftest.a @conftest.lst >&5
ar: `u' modifier ignored since `D' is the default (see `U')
configure:6157: $? = 0
configure:6162: ar cru libconftest.a @conftest.lst >&5
ar: `u' modifier ignored since `D' is the default (see `U')
ar: conftest.o: No such file or directory
configure:6165: $? = 1
configure:6177: result: @
configure:6235: checking for strip
configure:6251: found /usr/bin/strip
configure:6262: result: strip
configure:6334: checking for ranlib
configure:6350: found /usr/bin/ranlib
configure:6361: result: ranlib
configure:6463: checking command to parse /usr/bin/nm -B output from gcc object
configure:6616: gcc -c -g -O2  conftest.c >&5
configure:6619: $? = 0
configure:6623: /usr/bin/nm -B conftest.o \| sed -n -e 's/^.*[ ]\([ABCDGIRSTW][ABCDGIRSTW]*\)[ ][ ]*\([_A-Za-z][_A-Za-z0-9]*\)$/\1 \2 \2/p' | sed '/ __gnu_lto/d' \> conftest.nm
configure:6626: $? = 0
configure:6692: gcc -o conftest -g -O2   conftest.c conftstm.o >&5
configure:6695: $? = 0
configure:6733: result: ok
configure:6780: checking for sysroot
configure:6810: result: no
configure:6817: checking for a working dd
configure:6855: result: /bin/dd
configure:6859: checking how to truncate binary pipes
configure:6874: result: /bin/dd bs=4096 count=1
configure:7010: gcc -c -g -O2  conftest.c >&5
configure:7013: $? = 0
configure:7203: checking for mt
configure:7219: found /bin/mt
configure:7230: result: mt
configure:7253: checking if mt is a manifest tool
configure:7259: mt '-?'
configure:7267: result: no
configure:7941: checking for dlfcn.h
configure:7941: gcc -c -g -O2  conftest.c >&5
configure:7941: $? = 0
configure:7941: result: yes
configure:8197: checking for objdir
configure:8212: result: .libs
configure:8476: checking if gcc supports -fno-rtti -fno-exceptions
configure:8494: gcc -c -g -O2  -fno-rtti -fno-exceptions conftest.c >&5
cc1: warning: command line option '-fno-rtti' is valid for C++/ObjC++ but not for C
configure:8498: $? = 0
configure:8511: result: no
configure:8869: checking for gcc option to produce PIC
configure:8876: result: -fPIC -DPIC
configure:8884: checking if gcc PIC flag -fPIC -DPIC works
configure:8902: gcc -c -g -O2  -fPIC -DPIC -DPIC conftest.c >&5
configure:8906: $? = 0
configure:8919: result: yes
configure:8948: checking if gcc static flag -static works
configure:8976: result: yes
configure:8991: checking if gcc supports -c -o file.o
configure:9012: gcc -c -g -O2  -o out/conftest2.o conftest.c >&5
configure:9016: $? = 0
configure:9038: result: yes
configure:9046: checking if gcc supports -c -o file.o
configure:9093: result: yes
configure:9126: checking whether the gcc linker (/usr/bin/ld -m elf_x86_64) supports shared libraries
configure:10389: result: yes
configure:10629: checking dynamic linker characteristics
configure:11210: gcc -o conftest -g -O2   -Wl,-rpath -Wl,/foo conftest.c  >&5
configure:11210: $? = 0
configure:11459: result: GNU/Linux ld.so
configure:11581: checking how to hardcode library paths into programs
configure:11606: result: immediate
configure:12154: checking whether stripping libraries is possible
configure:12159: result: yes
configure:12194: checking if libtool supports shared libraries
configure:12196: result: yes
configure:12199: checking whether to build shared libraries
configure:12224: result: no
configure:12227: checking whether to build static libraries
configure:12231: result: yes
configure:12316: checking for gcc
configure:12343: result: gcc
configure:12572: checking for C compiler version
configure:12581: gcc --version >&5
gcc (Ubuntu 5.4.0-6ubuntu1~16.04.4) 5.4.0 20160609
Copyright (C) 2015 Free Software Foundation, Inc.
This is free software; see the source for copying conditions.  There is NO
warranty; not even for MERCHANTABILITY or FITNESS FOR A PARTICULAR PURPOSE.

configure:12592: $? = 0
configure:12581: gcc -v >&5
Using built-in specs.
COLLECT_GCC=gcc
COLLECT_LTO_WRAPPER=/usr/lib/gcc/x86_64-linux-gnu/5/lto-wrapper
Target: x86_64-linux-gnu
Configured with: ../src/configure -v --with-pkgversion='Ubuntu 5.4.0-6ubuntu1~16.04.4' --with-bugurl=file:///usr/share/doc/gcc-5/README.Bugs --enable-languages=c,ada,c++,java,go,d,fortran,objc,obj-c++ --prefix=/usr --program-suffix=-5 --enable-shared --enable-linker-build-id --libexecdir=/usr/lib --without-included-gettext --enable-threads=posix --libdir=/usr/lib --enable-nls --with-sysroot=/ --enable-clocale=gnu --enable-libstdcxx-debug --enable-libstdcxx-time=yes --with-default-libstdcxx-abi=new --enable-gnu-unique-object --disable-vtable-verify --enable-libmpx --enable-plugin --with-system-zlib --disable-browser-plugin --enable-java-awt=gtk --enable-gtk-cairo --with-java-home=/usr/lib/jvm/java-1.5.0-gcj-5-amd64/jre --enable-java-home --with-jvm-root-dir=/usr/lib/jvm/java-1.5.0-gcj-5-amd64 --with-jvm-jar-dir=/usr/lib/jvm-exports/java-1.5.0-gcj-5-amd64 --with-arch-directory=amd64 --with-ecj-jar=/usr/share/java/eclipse-ecj.jar --enable-objc-gc --enable-multiarch --disable-werror --with-arch-32=i686 --with-abi=m64 --with-multilib-list=m32,m64,mx32 --enable-multilib --with-tune=generic --enable-checking=release --build=x86_64-linux-gnu --host=x86_64-linux-gnu --target=x86_64-linux-gnu
Thread model: posix
gcc version 5.4.0 20160609 (Ubuntu 5.4.0-6ubuntu1~16.04.4) 
configure:12592: $? = 0
configure:12581: gcc -V >&5
gcc: error: unrecognized command line option '-V'
gcc: fatal error: no input files
compilation terminated.
configure:12592: $? = 1
configure:12581: gcc -qversion >&5
gcc: error: unrecognized command line option '-qversion'
gcc: fatal error: no input files
compilation terminated.
configure:12592: $? = 1
configure:12596: checking whether we are using the GNU C compiler
configure:12624: result: yes
configure:12633: checking whether gcc accepts -g
configure:12694: result: yes
configure:12711: checking for gcc option to accept ISO C89
configure:12787: result: none needed
configure:12812: checking whether gcc understands -c and -o together
configure:12849: result: yes
configure:12870: checking for gcc option to accept ISO C99
configure:13019: gcc  -c -g -O2  conftest.c >&5
configure:13019: $? = 0
configure:13032: result: none needed
configure:13140: checking for gcc option to accept ISO Standard C
configure:13151: result: none needed
configure:13216: checking for g++
configure:13232: found /usr/bin/g++
configure:13243: result: g++
configure:13270: checking for C++ compiler version
configure:13279: g++ --version >&5
g++ (Ubuntu 5.4.0-6ubuntu1~16.04.4) 5.4.0 20160609
Copyright (C) 2015 Free Software Foundation, Inc.
This is free software; see the source for copying conditions.  There is NO
warranty; not even for MERCHANTABILITY or FITNESS FOR A PARTICULAR PURPOSE.

configure:13290: $? = 0
configure:13279: g++ -v >&5
Using built-in specs.
COLLECT_GCC=g++
COLLECT_LTO_WRAPPER=/usr/lib/gcc/x86_64-linux-gnu/5/lto-wrapper
Target: x86_64-linux-gnu
Configured with: ../src/configure -v --with-pkgversion='Ubuntu 5.4.0-6ubuntu1~16.04.4' --with-bugurl=file:///usr/share/doc/gcc-5/README.Bugs --enable-languages=c,ada,c++,java,go,d,fortran,objc,obj-c++ --prefix=/usr --program-suffix=-5 --enable-shared --enable-linker-build-id --libexecdir=/usr/lib --without-included-gettext --enable-threads=posix --libdir=/usr/lib --enable-nls --with-sysroot=/ --enable-clocale=gnu --enable-libstdcxx-debug --enable-libstdcxx-time=yes --with-default-libstdcxx-abi=new --enable-gnu-unique-object --disable-vtable-verify --enable-libmpx --enable-plugin --with-system-zlib --disable-browser-plugin --enable-java-awt=gtk --enable-gtk-cairo --with-java-home=/usr/lib/jvm/java-1.5.0-gcj-5-amd64/jre --enable-java-home --with-jvm-root-dir=/usr/lib/jvm/java-1.5.0-gcj-5-amd64 --with-jvm-jar-dir=/usr/lib/jvm-exports/java-1.5.0-gcj-5-amd64 --with-arch-directory=amd64 --with-ecj-jar=/usr/share/java/eclipse-ecj.jar --enable-objc-gc --enable-multiarch --disable-werror --with-arch-32=i686 --with-abi=m64 --with-multilib-list=m32,m64,mx32 --enable-multilib --with-tune=generic --enable-checking=release --build=x86_64-linux-gnu --host=x86_64-linux-gnu --target=x86_64-linux-gnu
Thread model: posix
gcc version 5.4.0 20160609 (Ubuntu 5.4.0-6ubuntu1~16.04.4) 
configure:13290: $? = 0
configure:13279: g++ -V >&5
g++: error: unrecognized command line option '-V'
g++: fatal error: no input files
compilation terminated.
configure:13290: $? = 1
configure:13279: g++ -qversion >&5
g++: error: unrecognized command line option '-qversion'
g++: fatal error: no input files
compilation terminated.
configure:13290: $? = 1
configure:13294: checking whether we are using the GNU C++ compiler
configure:13313: g++ -c   conftest.cpp >&5
configure:13313: $? = 0
configure:13322: result: yes
configure:13331: checking whether g++ accepts -g
configure:13351: g++ -c -g  conftest.cpp >&5
configure:13351: $? = 0
configure:13392: result: yes
configure:13417: checking dependency style of g++
configure:13528: result: gcc3
configure:13561: checking how to run the C++ preprocessor
configure:13588: g++ -E  conftest.cpp
configure:13588: $? = 0
configure:13602: g++ -E  conftest.cpp
conftest.cpp:28:28: fatal error: ac_nonexistent.h: No such file or directory
compilation terminated.
configure:13602: $? = 1
configure: failed program was:
| /* confdefs.h */
| #define PACKAGE_NAME "r3"
| #define PACKAGE_TARNAME "r3"
| #define PACKAGE_VERSION "1.3.3"
| #define PACKAGE_STRING "r3 1.3.3"
| #define PACKAGE_BUGREPORT ""
| #define PACKAGE_URL ""
| #define STDC_HEADERS 1
| #define HAVE_SYS_TYPES_H 1
| #define HAVE_SYS_STAT_H 1
| #define HAVE_STDLIB_H 1
| #define HAVE_STRING_H 1
| #define HAVE_MEMORY_H 1
| #define HAVE_STRINGS_H 1
| #define HAVE_INTTYPES_H 1
| #define HAVE_STDINT_H 1
| #define HAVE_UNISTD_H 1
| #define __EXTENSIONS__ 1
| #define _ALL_SOURCE 1
| #define _GNU_SOURCE 1
| #define _POSIX_PTHREAD_SEMANTICS 1
| #define _TANDEM_SOURCE 1
| #define PACKAGE "r3"
| #define VERSION "1.3.3"
| #define HAVE_DLFCN_H 1
| #define LT_OBJDIR ".libs/"
| /* end confdefs.h.  */
| #include <ac_nonexistent.h>
configure:13627: result: g++ -E
configure:13647: g++ -E  conftest.cpp
configure:13647: $? = 0
configure:13661: g++ -E  conftest.cpp
conftest.cpp:28:28: fatal error: ac_nonexistent.h: No such file or directory
compilation terminated.
configure:13661: $? = 1
configure: failed program was:
| /* confdefs.h */
| #define PACKAGE_NAME "r3"
| #define PACKAGE_TARNAME "r3"
| #define PACKAGE_VERSION "1.3.3"
| #define PACKAGE_STRING "r3 1.3.3"
| #define PACKAGE_BUGREPORT ""
| #define PACKAGE_URL ""
| #define STDC_HEADERS 1
| #define HAVE_SYS_TYPES_H 1
| #define HAVE_SYS_STAT_H 1
| #define HAVE_STDLIB_H 1
| #define HAVE_STRING_H 1
| #define HAVE_MEMORY_H 1
| #define HAVE_STRINGS_H 1
| #define HAVE_INTTYPES_H 1
| #define HAVE_STDINT_H 1
| #define HAVE_UNISTD_H 1
| #define __EXTENSIONS__ 1
| #define _ALL_SOURCE 1
| #define _GNU_SOURCE 1
| #define _POSIX_PTHREAD_SEMANTICS 1
| #define _TANDEM_SOURCE 1
| #define PACKAGE "r3"
| #define VERSION "1.3.3"
| #define HAVE_DLFCN_H 1
| #define LT_OBJDIR ".libs/"
| /* end confdefs.h.  */
| #include <ac_nonexistent.h>
configure:13823: checking for ld used by g++
configure:13890: result: /usr/bin/ld -m elf_x86_64
configure:13897: checking if the linker (/usr/bin/ld -m elf_x86_64) is GNU ld
configure:13912: result: yes
configure:13967: checking whether the g++ linker (/usr/bin/ld -m elf_x86_64) supports shared libraries
configure:15040: result: yes
configure:15076: g++ -c -g -O2  conftest.cpp >&5
configure:15079: $? = 0
configure:15560: checking for g++ option to produce PIC
configure:15567: result: -fPIC -DPIC
configure:15575: checking if g++ PIC flag -fPIC -DPIC works
configure:15593: g++ -c -g -O2  -fPIC -DPIC -DPIC conftest.cpp >&5
configure:15597: $? = 0
configure:15610: result: yes
configure:15633: checking if g++ static flag -static works
configure:15661: result: yes
configure:15673: checking if g++ supports -c -o file.o
configure:15694: g++ -c -g -O2  -o out/conftest2.o conftest.cpp >&5
configure:15698: $? = 0
configure:15720: result: yes
configure:15725: checking if g++ supports -c -o file.o
configure:15772: result: yes
configure:15802: checking whether the g++ linker (/usr/bin/ld -m elf_x86_64) supports shared libraries
configure:15845: result: yes
configure:15986: checking dynamic linker characteristics
configure:16743: result: GNU/Linux ld.so
configure:16808: checking how to hardcode library paths into programs
configure:16833: result: immediate
configure:16874: checking for stdbool.h that conforms to C99
configure:16941: gcc -c -g -O2  conftest.c >&5
configure:16941: $? = 0
configure:16948: result: yes
configure:16950: checking for _Bool
configure:16950: gcc -c -g -O2  conftest.c >&5
configure:16950: $? = 0
configure:16950: gcc -c -g -O2  conftest.c >&5
conftest.c: In function 'main':
conftest.c:64:20: error: expected expression before ')' token
 if (sizeof ((_Bool)))
                    ^
configure:16950: $? = 1
configure: failed program was:
| /* confdefs.h */
| #define PACKAGE_NAME "r3"
| #define PACKAGE_TARNAME "r3"
| #define PACKAGE_VERSION "1.3.3"
| #define PACKAGE_STRING "r3 1.3.3"
| #define PACKAGE_BUGREPORT ""
| #define PACKAGE_URL ""
| #define STDC_HEADERS 1
| #define HAVE_SYS_TYPES_H 1
| #define HAVE_SYS_STAT_H 1
| #define HAVE_STDLIB_H 1
| #define HAVE_STRING_H 1
| #define HAVE_MEMORY_H 1
| #define HAVE_STRINGS_H 1
| #define HAVE_INTTYPES_H 1
| #define HAVE_STDINT_H 1
| #define HAVE_UNISTD_H 1
| #define __EXTENSIONS__ 1
| #define _ALL_SOURCE 1
| #define _GNU_SOURCE 1
| #define _POSIX_PTHREAD_SEMANTICS 1
| #define _TANDEM_SOURCE 1
| #define PACKAGE "r3"
| #define VERSION "1.3.3"
| #define HAVE_DLFCN_H 1
| #define LT_OBJDIR ".libs/"
| /* end confdefs.h.  */
| #include <stdio.h>
| #ifdef HAVE_SYS_TYPES_H
| # include <sys/types.h>
| #endif
| #ifdef HAVE_SYS_STAT_H
| # include <sys/stat.h>
| #endif
| #ifdef STDC_HEADERS
| # include <stdlib.h>
| # include <stddef.h>
| #else
| # ifdef HAVE_STDLIB_H
| #  include <stdlib.h>
| # endif
| #endif
| #ifdef HAVE_STRING_H
| # if !defined STDC_HEADERS && defined HAVE_MEMORY_H
| #  include <memory.h>
| # endif
| # include <string.h>
| #endif
| #ifdef HAVE_STRINGS_H
| # include <strings.h>
| #endif
| #ifdef HAVE_INTTYPES_H
| # include <inttypes.h>
| #endif
| #ifdef HAVE_STDINT_H
| # include <stdint.h>
| #endif
| #ifdef HAVE_UNISTD_H
| # include <unistd.h>
| #endif
| int
| main ()
| {
| if (sizeof ((_Bool)))
| 	    return 0;
|   ;
|   return 0;
| }
configure:16950: result: yes
configure:16975: checking for stdlib.h
configure:16975: result: yes
configure:16975: checking for string.h
configure:16975: result: yes
configure:16975: checking sys/time.h usability
configure:16975: gcc -c -g -O2  conftest.c >&5
configure:16975: $? = 0
configure:16975: result: yes
configure:16975: checking sys/time.h presence
configure:16975: gcc -E  conftest.c
configure:16975: $? = 0
configure:16975: result: yes
configure:16975: checking for sys/time.h
configure:16975: result: yes
configure:16987: checking for inline
configure:17003: gcc -c -g -O2  conftest.c >&5
configure:17003: $? = 0
configure:17011: result: inline
configure:17029: checking for size_t
configure:17029: gcc -c -g -O2  conftest.c >&5
configure:17029: $? = 0
configure:17029: gcc -c -g -O2  conftest.c >&5
conftest.c: In function 'main':
conftest.c:69:21: error: expected expression before ')' token
 if (sizeof ((size_t)))
                     ^
configure:17029: $? = 1
configure: failed program was:
| /* confdefs.h */
| #define PACKAGE_NAME "r3"
| #define PACKAGE_TARNAME "r3"
| #define PACKAGE_VERSION "1.3.3"
| #define PACKAGE_STRING "r3 1.3.3"
| #define PACKAGE_BUGREPORT ""
| #define PACKAGE_URL ""
| #define STDC_HEADERS 1
| #define HAVE_SYS_TYPES_H 1
| #define HAVE_SYS_STAT_H 1
| #define HAVE_STDLIB_H 1
| #define HAVE_STRING_H 1
| #define HAVE_MEMORY_H 1
| #define HAVE_STRINGS_H 1
| #define HAVE_INTTYPES_H 1
| #define HAVE_STDINT_H 1
| #define HAVE_UNISTD_H 1
| #define __EXTENSIONS__ 1
| #define _ALL_SOURCE 1
| #define _GNU_SOURCE 1
| #define _POSIX_PTHREAD_SEMANTICS 1
| #define _TANDEM_SOURCE 1
| #define PACKAGE "r3"
| #define VERSION "1.3.3"
| #define HAVE_DLFCN_H 1
| #define LT_OBJDIR ".libs/"
| #define HAVE__BOOL 1
| #define HAVE_STDBOOL_H 1
| #define HAVE_STDLIB_H 1
| #define HAVE_STRING_H 1
| #define HAVE_SYS_TIME_H 1
| /* end confdefs.h.  */
| #include <stdio.h>
| #ifdef HAVE_SYS_TYPES_H
| # include <sys/types.h>
| #endif
| #ifdef HAVE_SYS_STAT_H
| # include <sys/stat.h>
| #endif
| #ifdef STDC_HEADERS
| # include <stdlib.h>
| # include <stddef.h>
| #else
| # ifdef HAVE_STDLIB_H
| #  include <stdlib.h>
| # endif
| #endif
| #ifdef HAVE_STRING_H
| # if !defined STDC_HEADERS && defined HAVE_MEMORY_H
| #  include <memory.h>
| # endif
| # include <string.h>
| #endif
| #ifdef HAVE_STRINGS_H
| # include <strings.h>
| #endif
| #ifdef HAVE_INTTYPES_H
| # include <inttypes.h>
| #endif
| #ifdef HAVE_STDINT_H
| # include <stdint.h>
| #endif
| #ifdef HAVE_UNISTD_H
| # include <unistd.h>
| #endif
| int
| main ()
| {
| if (sizeof ((size_t)))
| 	    return 0;
|   ;
|   return 0;
| }
configure:17029: result: yes
configure:17044: checking for stdlib.h
configure:17044: result: yes
configure:17054: checking for GNU libc compatible malloc
configure:17078: gcc -o conftest -g -O2   conftest.c  >&5
configure:17078: $? = 0
configure:17078: ./conftest
configure:17078: $? = 0
configure:17088: result: yes
configure:17111: checking for stdlib.h
configure:17111: result: yes
configure:17121: checking for GNU libc compatible realloc
configure:17145: gcc -o conftest -g -O2   conftest.c  >&5
configure:17145: $? = 0
configure:17145: ./conftest
configure:17145: $? = 0
configure:17155: result: yes
configure:17179: checking for gettimeofday
configure:17179: gcc -o conftest -g -O2   conftest.c  >&5
configure:17179: $? = 0
configure:17179: result: yes
configure:17179: checking for memset
configure:17179: gcc -o conftest -g -O2   conftest.c  >&5
conftest.c:61:6: warning: conflicting types for built-in function 'memset'
 char memset ();
      ^
configure:17179: $? = 0
configure:17179: result: yes
configure:17179: checking for strchr
configure:17179: gcc -o conftest -g -O2   conftest.c  >&5
conftest.c:62:6: warning: conflicting types for built-in function 'strchr'
 char strchr ();
      ^
configure:17179: $? = 0
configure:17179: result: yes
configure:17179: checking for strdup
configure:17179: gcc -o conftest -g -O2   conftest.c  >&5
conftest.c:63:6: warning: conflicting types for built-in function 'strdup'
 char strdup ();
      ^
configure:17179: $? = 0
configure:17179: result: yes
configure:17179: checking for strndup
configure:17179: gcc -o conftest -g -O2   conftest.c  >&5
conftest.c:64:6: warning: conflicting types for built-in function 'strndup'
 char strndup ();
      ^
configure:17179: $? = 0
configure:17179: result: yes
configure:17179: checking for strstr
configure:17179: gcc -o conftest -g -O2   conftest.c  >&5
conftest.c:65:6: warning: conflicting types for built-in function 'strstr'
 char strstr ();
      ^
configure:17179: $? = 0
configure:17179: result: yes
configure:17242: checking for pkg-config
configure:17260: found /usr/bin/pkg-config
configure:17272: result: /usr/bin/pkg-config
configure:17297: checking pkg-config is at least version 0.9.0
configure:17300: result: yes
configure:17414: checking for DEPS
configure:17421: $PKG_CONFIG --exists --print-errors "libpcre"
configure:17424: $? = 0
configure:17438: $PKG_CONFIG --exists --print-errors "libpcre"
configure:17441: $? = 0
configure:17499: result: yes
configure:18287: checking that generated files are newer than configure
configure:18293: result: done
configure:18344: creating ./config.status

## ---------------- ##
## Cache variables. ##
## ---------------- ##

ac_cv_build=x86_64-pc-linux-gnu
ac_cv_c_compiler_gnu=yes
ac_cv_c_inline=inline
ac_cv_cxx_compiler_gnu=yes
ac_cv_env_CCC_set=
ac_cv_env_CCC_value=
ac_cv_env_CC_set=
ac_cv_env_CC_value=
ac_cv_env_CFLAGS_set=
ac_cv_env_CFLAGS_value=
ac_cv_env_CHECK_CFLAGS_set=
ac_cv_env_CHECK_CFLAGS_value=
ac_cv_env_CHECK_LIBS_set=
ac_cv_env_CHECK_LIBS_value=
ac_cv_env_CPPFLAGS_set=
ac_cv_env_CPPFLAGS_value=
ac_cv_env_CPP_set=
ac_cv_env_CPP_value=
ac_cv_env_CXXCPP_set=
ac_cv_env_CXXCPP_value=
ac_cv_env_CXXFLAGS_set=
ac_cv_env_CXXFLAGS_value=
ac_cv_env_CXX_set=
ac_cv_env_CXX_value=
ac_cv_env_DEPS_CFLAGS_set=
ac_cv_env_DEPS_CFLAGS_value=
ac_cv_env_DEPS_LIBS_set=
ac_cv_env_DEPS_LIBS_value=
ac_cv_env_GVC_DEPS_CFLAGS_set=
ac_cv_env_GVC_DEPS_CFLAGS_value=
ac_cv_env_GVC_DEPS_LIBS_set=
ac_cv_env_GVC_DEPS_LIBS_value=
ac_cv_env_JSONC_CFLAGS_set=
ac_cv_env_JSONC_CFLAGS_value=
ac_cv_env_JSONC_LIBS_set=
ac_cv_env_JSONC_LIBS_value=
ac_cv_env_LDFLAGS_set=
ac_cv_env_LDFLAGS_value=
ac_cv_env_LIBS_set=
ac_cv_env_LIBS_value=
ac_cv_env_LT_SYS_LIBRARY_PATH_set=
ac_cv_env_LT_SYS_LIBRARY_PATH_value=
ac_cv_env_PKG_CONFIG_LIBDIR_set=
ac_cv_env_PKG_CONFIG_LIBDIR_value=
ac_cv_env_PKG_CONFIG_PATH_set=
ac_cv_env_PKG_CONFIG_PATH_value=
ac_cv_env_PKG_CONFIG_set=
ac_cv_env_PKG_CONFIG_value=
ac_cv_env_build_alias_set=
ac_cv_env_build_alias_value=
ac_cv_env_host_alias_set=
ac_cv_env_host_alias_value=
ac_cv_env_target_alias_set=
ac_cv_env_target_alias_value=
ac_cv_func_gettimeofday=yes
ac_cv_func_malloc_0_nonnull=yes
ac_cv_func_memset=yes
ac_cv_func_realloc_0_nonnull=yes
ac_cv_func_strchr=yes
ac_cv_func_strdup=yes
ac_cv_func_strndup=yes
ac_cv_func_strstr=yes
ac_cv_header_dlfcn_h=yes
ac_cv_header_inttypes_h=yes
ac_cv_header_memory_h=yes
ac_cv_header_minix_config_h=no
ac_cv_header_stdbool_h=yes
ac_cv_header_stdc=yes
ac_cv_header_stdint_h=yes
ac_cv_header_stdlib_h=yes
ac_cv_header_string_h=yes
ac_cv_header_strings_h=yes
ac_cv_header_sys_stat_h=yes
ac_cv_header_sys_time_h=yes
ac_cv_header_sys_types_h=yes
ac_cv_header_unistd_h=yes
ac_cv_host=x86_64-pc-linux-gnu
ac_cv_objext=o
ac_cv_path_EGREP='/bin/grep -E'
ac_cv_path_FGREP='/bin/grep -F'
ac_cv_path_GREP=/bin/grep
ac_cv_path_SED=/bin/sed
ac_cv_path_ac_pt_PKG_CONFIG=/usr/bin/pkg-config
ac_cv_path_install='/usr/bin/install -c'
ac_cv_path_lt_DD=/bin/dd
ac_cv_path_mkdir=/bin/mkdir
ac_cv_prog_AWK=gawk
ac_cv_prog_CPP='gcc -E'
ac_cv_prog_CXXCPP='g++ -E'
ac_cv_prog_ac_ct_AR=ar
ac_cv_prog_ac_ct_CC=gcc
ac_cv_prog_ac_ct_CXX=g++
ac_cv_prog_ac_ct_MANIFEST_TOOL=mt
ac_cv_prog_ac_ct_OBJDUMP=objdump
ac_cv_prog_ac_ct_RANLIB=ranlib
ac_cv_prog_ac_ct_STRIP=strip
ac_cv_prog_cc_c89=
ac_cv_prog_cc_c99=
ac_cv_prog_cc_g=yes
ac_cv_prog_cc_stdc=
ac_cv_prog_cxx_g=yes
ac_cv_prog_make_make_set=yes
ac_cv_safe_to_define___extensions__=yes
ac_cv_type__Bool=yes
ac_cv_type_size_t=yes
am_cv_CC_dependencies_compiler_type=gcc3
am_cv_CXX_dependencies_compiler_type=gcc3
am_cv_make_support_nested_variables=yes
am_cv_prog_cc_c_o=yes
lt_cv_ar_at_file=@
lt_cv_deplibs_check_method=pass_all
lt_cv_file_magic_cmd='$MAGIC_CMD'
lt_cv_file_magic_test_file=
lt_cv_ld_reload_flag=-r
lt_cv_nm_interface='BSD nm'
lt_cv_objdir=.libs
lt_cv_path_LD=/usr/bin/ld
lt_cv_path_LDCXX='/usr/bin/ld -m elf_x86_64'
lt_cv_path_NM='/usr/bin/nm -B'
lt_cv_path_mainfest_tool=no
lt_cv_prog_compiler_c_o=yes
lt_cv_prog_compiler_c_o_CXX=yes
lt_cv_prog_compiler_pic='-fPIC -DPIC'
lt_cv_prog_compiler_pic_CXX='-fPIC -DPIC'
lt_cv_prog_compiler_pic_works=yes
lt_cv_prog_compiler_pic_works_CXX=yes
lt_cv_prog_compiler_rtti_exceptions=no
lt_cv_prog_compiler_static_works=yes
lt_cv_prog_compiler_static_works_CXX=yes
lt_cv_prog_gnu_ld=yes
lt_cv_prog_gnu_ldcxx=yes
lt_cv_sharedlib_from_linklib_cmd='printf %s\n'
lt_cv_shlibpath_overrides_runpath=no
lt_cv_sys_global_symbol_pipe='sed -n -e '\''s/^.*[	 ]\([ABCDGIRSTW][ABCDGIRSTW]*\)[	 ][	 ]*\([_A-Za-z][_A-Za-z0-9]*\)$/\1 \2 \2/p'\'' | sed '\''/ __gnu_lto/d'\'''
lt_cv_sys_global_symbol_to_c_name_address='sed -n -e '\''s/^: \(.*\) .*$/  {"\1", (void *) 0},/p'\'' -e '\''s/^[ABCDGIRSTW][ABCDGIRSTW]* .* \(.*\)$/  {"\1", (void *) \&\1},/p'\'''
lt_cv_sys_global_symbol_to_c_name_address_lib_prefix='sed -n -e '\''s/^: \(.*\) .*$/  {"\1", (void *) 0},/p'\'' -e '\''s/^[ABCDGIRSTW][ABCDGIRSTW]* .* \(lib.*\)$/  {"\1", (void *) \&\1},/p'\'' -e '\''s/^[ABCDGIRSTW][ABCDGIRSTW]* .* \(.*\)$/  {"lib\1", (void *) \&\1},/p'\'''
lt_cv_sys_global_symbol_to_cdecl='sed -n -e '\''s/^T .* \(.*\)$/extern int \1();/p'\'' -e '\''s/^[ABCDGIRSTW][ABCDGIRSTW]* .* \(.*\)$/extern char \1;/p'\'''
lt_cv_sys_global_symbol_to_import=
lt_cv_sys_max_cmd_len=1572864
lt_cv_to_host_file_cmd=func_convert_file_noop
lt_cv_to_tool_file_cmd=func_convert_file_noop
lt_cv_truncate_bin='/bin/dd bs=4096 count=1'
pkg_cv_DEPS_CFLAGS=
pkg_cv_DEPS_LIBS=-lpcre

## ----------------- ##
## Output variables. ##
## ----------------- ##

ACLOCAL='${SHELL} /home/iceboy/git/aiohttp-r3/deps/r3/missing aclocal-1.15'
AMDEPBACKSLASH='\'
AMDEP_FALSE='#'
AMDEP_TRUE=''
AMTAR='$${TAR-tar}'
AM_BACKSLASH='\'
AM_DEFAULT_V='$(AM_DEFAULT_VERBOSITY)'
AM_DEFAULT_VERBOSITY='0'
AM_V='$(V)'
AR='ar'
AUTOCONF='${SHELL} /home/iceboy/git/aiohttp-r3/deps/r3/missing autoconf'
AUTOHEADER='${SHELL} /home/iceboy/git/aiohttp-r3/deps/r3/missing autoheader'
AUTOMAKE='${SHELL} /home/iceboy/git/aiohttp-r3/deps/r3/missing automake-1.15'
AWK='gawk'
CC='gcc'
CCDEPMODE='depmode=gcc3'
CFLAGS='-g -O2'
CHECK_CFLAGS=''
CHECK_LIBS=''
COND_GCOV_FALSE=''
COND_GCOV_TRUE='#'
CPP='gcc -E'
CPPFLAGS=''
CXX='g++'
CXXCPP='g++ -E'
CXXDEPMODE='depmode=gcc3'
CXXFLAGS='-g -O2'
CYGPATH_W='echo'
DEFS='-DHAVE_CONFIG_H'
DEPDIR='.deps'
DEPS_CFLAGS=''
DEPS_LIBS='-lpcre'
DLLTOOL='false'
DSYMUTIL=''
DUMPBIN=''
ECHO_C=''
ECHO_N='-n'
ECHO_T=''
EGREP='/bin/grep -E'
ENABLE_CHECK_FALSE=''
ENABLE_CHECK_TRUE='#'
ENABLE_DEBUG_FALSE=''
ENABLE_DEBUG_TRUE='#'
ENABLE_GRAPHVIZ_FALSE=''
ENABLE_GRAPHVIZ_TRUE='#'
ENABLE_JSON_FALSE=''
ENABLE_JSON_TRUE='#'
EXEEXT=''
FGREP='/bin/grep -F'
GREP='/bin/grep'
GVC_DEPS_CFLAGS=''
GVC_DEPS_LIBS=''
INSTALL_DATA='${INSTALL} -m 644'
INSTALL_PROGRAM='${INSTALL}'
INSTALL_SCRIPT='${INSTALL}'
INSTALL_STRIP_PROGRAM='$(install_sh) -c -s'
JSONC_CFLAGS=''
JSONC_LIBS=''
LD='/usr/bin/ld -m elf_x86_64'
LDFLAGS=''
LIBOBJS=''
LIBS=''
LIBTOOL='$(SHELL) $(top_builddir)/libtool'
LIPO=''
LN_S='ln -s'
LTLIBOBJS=''
LT_SYS_LIBRARY_PATH=''
MAKEINFO='${SHELL} /home/iceboy/git/aiohttp-r3/deps/r3/missing makeinfo'
MANIFEST_TOOL=':'
MKDIR_P='/bin/mkdir -p'
NM='/usr/bin/nm -B'
NMEDIT=''
OBJDUMP='objdump'
OBJEXT='o'
OTOOL64=''
OTOOL=''
PACKAGE='r3'
PACKAGE_BUGREPORT=''
PACKAGE_NAME='r3'
PACKAGE_STRING='r3 1.3.3'
PACKAGE_TARNAME='r3'
PACKAGE_URL=''
PACKAGE_VERSION='1.3.3'
PATH_SEPARATOR=':'
PKG_CONFIG='/usr/bin/pkg-config'
PKG_CONFIG_LIBDIR=''
PKG_CONFIG_PATH=''
RANLIB='ranlib'
SED='/bin/sed'
SET_MAKE=''
SHELL='/bin/bash'
STRIP='strip'
USE_JEMALLOC_FALSE=''
USE_JEMALLOC_TRUE='#'
VERSION='1.3.3'
ac_ct_AR='ar'
ac_ct_CC='gcc'
ac_ct_CXX='g++'
ac_ct_DUMPBIN=''
am__EXEEXT_FALSE=''
am__EXEEXT_TRUE='#'
am__fastdepCC_FALSE='#'
am__fastdepCC_TRUE=''
am__fastdepCXX_FALSE='#'
am__fastdepCXX_TRUE=''
am__include='include'
am__isrc=''
am__leading_dot='.'
am__nodep='_no'
am__quote=''
am__tar='$${TAR-tar} chof - "$$tardir"'
am__untar='$${TAR-tar} xf -'
bindir='${exec_prefix}/bin'
build='x86_64-pc-linux-gnu'
build_alias=''
build_cpu='x86_64'
build_os='linux-gnu'
build_vendor='pc'
datadir='${datarootdir}'
datarootdir='${prefix}/share'
docdir='${datarootdir}/doc/${PACKAGE_TARNAME}'
dvidir='${docdir}'
exec_prefix='${prefix}'
host='x86_64-pc-linux-gnu'
host_alias=''
host_cpu='x86_64'
host_os='linux-gnu'
host_vendor='pc'
htmldir='${docdir}'
includedir='${prefix}/include'
infodir='${datarootdir}/info'
install_sh='${SHELL} /home/iceboy/git/aiohttp-r3/deps/r3/install-sh'
libdir='${exec_prefix}/lib'
libexecdir='${exec_prefix}/libexec'
localedir='${datarootdir}/locale'
localstatedir='${prefix}/var'
mandir='${datarootdir}/man'
mkdir_p='$(MKDIR_P)'
oldincludedir='/usr/include'
pdfdir='${docdir}'
prefix='/usr/local'
program_transform_name='s,x,x,'
psdir='${docdir}'
runstatedir='${localstatedir}/run'
sbindir='${exec_prefix}/sbin'
sharedstatedir='${prefix}/com'
sysconfdir='${prefix}/etc'
target_alias=''

## ----------- ##
## confdefs.h. ##
## ----------- ##

/* confdefs.h */
#define PACKAGE_NAME "r3"
#define PACKAGE_TARNAME "r3"
#define PACKAGE_VERSION "1.3.3"
#define PACKAGE_STRING "r3 1.3.3"
#define PACKAGE_BUGREPORT ""
#define PACKAGE_URL ""
#define STDC_HEADERS 1
#define HAVE_SYS_TYPES_H 1
#define HAVE_SYS_STAT_H 1
#define HAVE_STDLIB_H 1
#define HAVE_STRING_H 1
#define HAVE_MEMORY_H 1
#define HAVE_STRINGS_H 1
#define HAVE_INTTYPES_H 1
#define HAVE_STDINT_H 1
#define HAVE_UNISTD_H 1
#define __EXTENSIONS__ 1
#define _ALL_SOURCE 1
#define _GNU_SOURCE 1
#define _POSIX_PTHREAD_SEMANTICS 1
#define _TANDEM_SOURCE 1
#define PACKAGE "r3"
#define VERSION "1.3.3"
#define HAVE_DLFCN_H 1
#define LT_OBJDIR ".libs/"
#define HAVE__BOOL 1
#define HAVE_STDBOOL_H 1
#define HAVE_STDLIB_H 1
#define HAVE_STRING_H 1
#define HAVE_SYS_TIME_H 1
#define HAVE_STDLIB_H 1
#define HAVE_MALLOC 1
#define HAVE_STDLIB_H 1
#define HAVE_REALLOC 1
#define HAVE_GETTIMEOFDAY 1
#define HAVE_MEMSET 1
#define HAVE_STRCHR 1
#define HAVE_STRDUP 1
#define HAVE_STRNDUP 1
#define HAVE_STRSTR 1

configure: exit 0

## ---------------------- ##
## Running config.status. ##
## ---------------------- ##

This file was extended by r3 config.status 1.3.3, which was
generated by GNU Autoconf 2.69.  Invocation command line was

  CONFIG_FILES    = 
  CONFIG_HEADERS  = 
  CONFIG_LINKS    = 
  CONFIG_COMMANDS = 
  $ ./config.status 

on itx

config.status:1195: creating r3.pc
config.status:1195: creating Makefile
config.status:1195: creating 3rdparty/Makefile
config.status:1195: creating src/Makefile
config.status:1195: creating tests/Makefile
config.status:1195: creating examples/Makefile
config.status:1195: creating config.h
config.status:1376: config.h is unchanged
config.status:1424: executing depfiles commands
config.status:1424: executing libtool commands

## ---------------------- ##
## Running config.status. ##
## ---------------------- ##

This file was extended by r3 config.status 1.3.3, which was
generated by GNU Autoconf 2.69.  Invocation command line was

  CONFIG_FILES    = 
  CONFIG_HEADERS  = 
  CONFIG_LINKS    = 
  CONFIG_COMMANDS = 
  $ ./config.status config.h

on itx

config.status:1195: creating config.h
config.status:1376: config.h is unchanged
