
[2017-03-30 19:54:59] Traceback (most recent call last):
  File "hello_world.py", line 28, in <module>
    t.terminate()
  File "/usr/local/Cellar/python3/3.6.1/Frameworks/Python.framework/Versions/3.6/lib/python3.6/multiprocessing/process.py", line 113, in terminate
    self._popen.terminate()
AttributeError: 'NoneType' object has no attribute 'terminate'


[2017-03-30 19:55:33] Traceback (most recent call last):
  File "hello_world.py", line 28, in <module>
    t.join()
  File "/usr/local/Cellar/python3/3.6.1/Frameworks/Python.framework/Versions/3.6/lib/python3.6/multiprocessing/process.py", line 120, in join
    assert self._popen is not None, 'can only join a started process'
AssertionError: can only join a started process


[2017-03-30 20:09:27] Traceback (most recent call last):
  File "hello_world.py", line 28, in <module>
    a= Process(cef.Initialize)
  File "/usr/local/Cellar/python3/3.6.1/Frameworks/Python.framework/Versions/3.6/lib/python3.6/multiprocessing/process.py", line 73, in __init__
    assert group is None, 'group argument must be None for now'
AssertionError: group argument must be None for now


[2017-03-30 20:09:50] Traceback (most recent call last):
  File "hello_world.py", line 28, in <module>
    a= Process(cef.Initialize,args=(None,))
  File "/usr/local/Cellar/python3/3.6.1/Frameworks/Python.framework/Versions/3.6/lib/python3.6/multiprocessing/process.py", line 73, in __init__
    assert group is None, 'group argument must be None for now'
AssertionError: group argument must be None for now


[2017-03-30 20:31:29] Traceback (most recent call last):
  File "hello_world.py", line 28, in <module>
    a= Process(cef.Initialize,args=(None,))
  File "/usr/local/Cellar/python3/3.5.1/Frameworks/Python.framework/Versions/3.5/lib/python3.5/multiprocessing/process.py", line 73, in __init__
    assert group is None, 'group argument must be None for now'
AssertionError: group argument must be None for now

