10.448550
14.141766
8.544469
9.462714
9.174420
4.335705
11.203702
8.727928
7.253584
15.829037
9.495527
11.758768
10.836547
10.730956
5.028441
10.501020
4.591707
8.921539
7.768964
10.602103
12.568241
5.600626
5.646985
16.255883
11.007386
9.653729
12.974256
8.192880
6.865367
14.121726
8.896154
9.862258
13.605360
8.751736
11.135982
10.325889
7.153932
9.488325
9.640264
6.834673
11.262326
10.585486
10.299527
13.613841
16.773105
3.985968
9.220853
15.660406
10.618166
8.019848
10.652104
10.664610
15.349590
13.473792
15.109511
11.100267
15.299148
6.480329
10.968354
5.333541
15.822667
12.662591
12.018819
10.342065
15.199111
12.023640
14.025016
5.144555
6.430884
6.208218
9.117441
9.659401
8.261614
12.604602
13.009004
11.489648
13.706522
10.115640
5.663943
7.461522
5.353021
19.821511
8.638571
8.510550
6.935585
11.225038
10.963292
10.857764
15.968928
6.418520
8.011336
5.439807
11.102124
12.001934
11.547179
7.514060
14.506384
11.208382
11.883683
13.084116
9.022656
13.150826
11.153768
8.595810
12.338331
8.031281
7.987896
3.238841
9.280312
11.631072
9.162660
7.680077
11.158227
5.240526
12.168802
14.263639
6.148055
13.273790
10.506990
10.735401
5.240896
10.181648
9.466400
7.596321
11.355419
10.469991
4.137522
10.629221
9.761994
10.049028
12.123035
10.033668
4.521341
11.060472
10.843298
10.003542
11.896672
8.241234
7.492077
11.019280
13.943066
6.661022
8.507245
14.686246
8.417299
7.890960
17.143015
12.150420
14.358916
12.821892
13.482775
6.385153
12.379739
10.254297
10.782072
8.575992
7.657794
10.479106
8.657750
12.117728
6.102633
4.844358
9.498589
7.716139
4.305751
5.552414
6.330350
13.708887
8.538071
7.583351
6.807870
6.426923
9.711428
7.551077
12.794235
5.018407
9.234766
11.577955
6.149495
13.224079
10.974278
7.513824
7.429004
13.329058
14.583566
6.503591
10.944556
10.042550
11.273707
11.767238
13.134946
14.188705
7.987914
10.622777
5.495908
10.384924
2.529820
12.105147
8.374959
8.581258
9.895821
16.292561
6.755222
8.605155
16.290847
9.627373
10.851442
5.852961
5.298106
10.233497
15.598067
11.713721
5.490850
13.418474
11.531342
14.149972
9.235973
10.130555
6.632646
9.289088
10.313937
4.691816
12.144310
11.952449
9.581398
5.801005
13.974199
10.423535
9.124880
3.012134
3.099812
10.860620
9.487039
3.045835
8.117264
8.659845
10.354232
13.325570
6.601669
11.891405
15.485795
5.613918
12.187660
8.392321
9.151384
9.154029
14.480613
10.664337
7.635861
11.855051
12.322531
14.851811
13.474510
5.372988
13.676032
13.507239
8.448046
5.711836
14.274711
10.507387
10.701378
6.316229
6.703612
3.388875
6.117607
14.435151
12.340640
9.993944
10.793034
4.344898
15.513422
12.621095
12.181524
15.541746
13.993932
4.808193
7.122023
11.550912
13.726291
11.123503
8.403663
13.498892
9.625895
7.105178
14.888168
9.496438
6.418009
10.515234
12.841924
11.744819
14.231020
2.163689
11.817517
9.624721
10.783714
13.393371
7.356677
14.752130
10.494846
10.347995
13.331163
10.460453
11.378524
12.247828
5.401965
7.951100
11.224923
12.138558
9.447351
14.257689
15.628854
11.525576
4.673578
4.329647
13.210894
16.119373
10.474396
11.709168
11.175638
12.848313
7.636287
6.756936
9.795504
8.702085
7.674507
7.373748
16.376561
6.910741
11.250288
5.025776
11.491337
5.507003
6.315557
12.355144
8.022686
12.170927
10.495441
11.254663
9.479615
8.409752
7.755278
13.943045
12.547089
9.717247
6.962698
8.776997
6.876786
11.167587
7.621010
15.441481
10.944556
10.224110
7.773138
8.522563
9.550899
8.856073
11.060746
11.090522
9.230630
10.806484
12.352873
7.338676
15.487168
13.887461
12.757531
6.802093
8.375091
8.436131
13.003931
11.270865
10.600845
12.873631
12.041981
6.576709
5.722695
12.340251
11.179444
5.110320
3.143996
11.786268
11.659406
6.411533
9.489215
12.860717
10.692619
8.462458
9.816639
9.875406
8.337427
8.335371
5.353979
8.807344
9.274114
9.258014
6.742180
8.496119
8.459669
12.358886
9.005278
9.543015
10.986184
8.915780
13.801245
9.269285
8.458138
11.879857
10.866868
6.508462
8.295596
12.397051
5.267877
7.105141
13.010135
6.324384
8.370803
11.759272
9.306643
10.494420
6.733988
10.086043
5.553351
6.744469
9.402077
4.532079
16.659750
16.158132
7.820334
10.947040
8.152997
7.443726
13.980013
13.379389
9.533933
9.740377
13.841167
9.280444
9.490131
12.472725
3.342431
8.329829
4.714176
8.536707
5.118801
9.891693
12.187697
14.476292
9.759370
10.978636
15.286198
11.647855
11.131602
13.132063
13.896052
10.384939
8.819705
11.570619
11.639032
4.062617
9.155710
5.296079
14.352630
9.422257
7.280220
11.314255
9.524360
11.795299
6.441061
7.306969
7.584342
8.424411
12.217812
14.360951
14.513226
10.752993
15.640112
6.114147
8.956506
6.781994
7.615300
13.969845
12.232147
5.270001
7.189632
9.244760
3.665047
10.110864
8.410846
9.427169
8.789389
9.151981
14.069562
10.515174
7.287376
7.522868
12.255782
8.064199
5.667316
8.309504
9.150240
12.682527
12.311171
4.285996
8.452064
7.935759
7.690244
17.005979
13.240861
13.409659
7.401769
5.732867
3.288463
9.296369
16.324083
9.241203
10.283440
14.248567
8.143842
8.264454
14.471776
8.338323
11.537375
13.415953
16.888872
12.909861
9.077891
10.232072
11.671103
10.623145
10.404671
8.988597
5.633297
8.178153
8.876347
10.544777
14.821573
5.151929
10.442681
7.710611
7.445347
8.275464
5.952578
13.604154
4.321578
14.923380
11.651149
13.830584
12.731769
9.681087
8.392095
6.544574
10.551297
8.899834
9.523453
7.903800
5.084248
8.301474
7.561085
11.508178
7.748706
10.518940
9.839997
5.271207
9.679963
11.486282
9.354231
14.225833
9.087919
9.456842
10.709317
9.105535
8.105076
7.809914
12.664558
9.009354
12.739227
11.530225
10.018154
7.543728
10.673631
13.769591
7.669911
9.918038
8.643617
11.488327
12.720730
11.536850
11.275199
8.267778
12.979477
12.755750
9.097861
12.906817
11.904973
14.868289
9.048704
12.627402
5.610487
8.727126
8.428307
7.400296
7.160339
10.973787
11.731034
8.326571
4.085230
13.904031
11.257565
7.959852
7.660376
7.300933
7.247754
12.109036
10.256920
7.424846
11.156880
11.354945
6.929105
11.129714
12.689019
5.294873
9.072763
8.281205
5.092415
9.883992
5.717789
14.054754
15.133099
7.168834
5.380257
-1.270506
10.201043
10.400240
11.649508
9.360921
7.409120
12.933170
6.584416
12.225965
10.823010
12.158407
13.905671
6.874594
10.609555
15.268657
10.690678
10.413554
14.215851
13.395988
5.411505
11.142778
8.614255
11.982588
4.943063
6.154860
7.623393
15.497862
6.245326
16.699681
11.332950
8.931823
6.794394
9.513443
12.839954
14.667942
8.649387
8.217420
7.340376
8.147664
6.191953
11.451593
8.389506
9.187932
11.261495
6.636515
12.390672
7.893594
13.021259
8.922313
9.560967
11.053459
10.637938
5.045820
15.004632
8.417069
12.974658
8.920229
10.985754
11.148784
12.191500
7.547255
5.842068
12.888683
6.905158
5.930719
6.543628
12.276223
13.045242
9.198947
7.817240
12.009395
11.596135
7.539914
7.830302
11.039496
13.124800
11.898544
5.399180
10.585900
15.627479
7.060598
3.988172
10.919262
7.627996
8.674564
8.695682
10.604194
8.045024
11.782534
11.251325
9.466540
12.682888
9.779517
14.738279
8.571288
8.701954
11.571957
7.063682
12.085333
12.079221
10.197772
11.319471
15.269304
15.237572
7.056025
12.990110
7.780903
5.707969
6.177946
11.124186
12.953411
9.645805
10.549419
7.718064
10.438441
10.747994
10.589896
9.629208
12.145754
11.164991
14.216770
4.149244
11.276875
1.687662
12.878611
7.448641
9.113718
14.985222
11.445299
4.884617
12.449786
12.350739
7.994958
8.579542
9.657122
10.219025
8.209396
10.140355
6.820204
10.368914
8.980235
10.534855
14.653447
10.205131
12.829394
9.183422
11.122546
4.699930
12.238050
18.822285
12.328821
9.536169
8.705343
12.541917
5.475089
10.062751
12.900806
11.131785
7.322307
10.216049
4.218643
11.720314
10.729954
13.612591
10.980874
10.897047
7.884669
7.802243
15.544655
8.474462
3.524144
11.610762
7.689693
11.682006
12.466117
6.696859
6.818840
11.931692
7.200578
8.156833
9.095146
14.546369
10.345497
10.062773
5.464465
9.898900
7.786045
8.627815
11.595951
12.849048
11.824938
16.002926
8.218199
9.445612
5.048115
15.475017
11.596579
13.839276
9.446456
8.317600
6.716491
13.591004
9.543990
5.783434
11.787558
13.385042
9.030703
8.210467
9.614718
14.604603
3.769637
3.996625
13.268143
3.071246
10.303237
5.729046
7.521254
14.986991
10.523557
9.736082
8.536608
4.887507
12.036584
12.850429
13.916791
12.014081
6.823046
6.076526
9.537931
9.644728
10.503316
7.551827
11.582829
9.269201
11.472500
6.145813
3.206229
11.057818
8.933438
10.985124
8.845335
15.992604
11.290725
10.500775
12.748829
9.723241
8.558402
10.026459
11.851438
14.647092
12.705589
11.042316
11.981606
3.934475
11.662765
14.052726
8.674120
8.469429
13.130545
9.281165
9.539783
13.378689
9.721275
9.673606
7.476874
10.332203
13.113651
14.974413
8.065126
6.882859
9.354396
8.952537
8.820233
7.649100
8.458712
5.975457
10.457883
6.409084
10.173759
4.867184
5.974560
9.616909
9.000977
0.299525
7.708178
12.497094
14.797814
11.077171
14.646085
7.499426
11.419131
11.010163
11.857668
14.035232
11.336055
10.457911
11.516035
10.997813
7.721930
11.368022
7.746850
4.816834
11.728395
9.122133
10.798583
7.111977
8.202332
13.425863
14.983355
8.805430
14.997632
13.964021
10.771835
11.939422
11.456333
8.438723
11.943031
8.591297
6.557489
14.360794
6.838036
5.909699
15.248517
14.292502
5.841321
13.413138
5.544182
8.522874
11.451386
9.544371
6.797867
14.615310
10.039903
17.874278
10.653735
10.105036
9.991522
8.760560
13.460450
9.803414
9.752629
6.955907
15.449781
6.541806
7.427169
8.746237
7.854402
9.295117
14.038482
10.027332
15.267128
8.422495
15.916747
12.407844
11.775388
5.771419
8.888303
8.602625
11.530880
9.269788
4.112761
13.715521
5.900097
9.636296
6.345371
12.857191
12.961167
5.196992
5.581987
9.645770
13.937914
