[CEF Python] Initialize() called
[CEF Python] CefExecuteProcess(): exitCode = -1
[CEF Python] CefInitialize()
[CEF Python] App_OnBeforeCommandLineProcessing_BrowserProcess()
[CEF Python] App: Command line string for the browser process:  --browser-subprocess-path=/Library/Frameworks/Python.framework/Versions/3.6/lib/python3.6/site-packages/cefpython3/subprocess --framework-dir-path=/Library/Frameworks/Python.framework/Versions/3.6/lib/python3.6/site-packages/cefpython3/Chromium Embedded Framework.framework --no-sandbox --lang=en-US --log-file=/Users/Jakob/Library/Logs/Python_debug.log --log-severity=warning --resources-dir-path=/Library/Frameworks/Python.framework/Versions/3.6/lib/python3.6/site-packages/cefpython3/Chromium Embedded Framework.framework/Resources --remote-debugging-port=53067
[CEF Python] BrowserProcessHandler_OnBeforeChildProcessLaunch()
[CEF Python] BrowserProcessHandler_OnBeforeChildProcessLaunch()
[CEF Python] CreateBrowserSync() called
[CEF Python] navigateUrl: https://www.google.com/
[CEF Python] CefBrowser::CreateBrowserSync()
[CEF Python] GetPyBrowser(): create new PyBrowser, browserId=1
[CEF Python] BrowserProcessHandler_OnBeforeChildProcessLaunch()
[CEF Python] CefBrowser::CreateBrowserSync() succeeded
[CEF Python] MessageLoop()
[CEF Python] App: Command line string for the renderer process: /Library/Frameworks/Python.framework/Versions/3.6/lib/python3.6/site-packages/cefpython3/subprocess --type=renderer --no-sandbox --disable-databases --primordial-pipe-token=EF5A8B7619F363BC912C27B933712AE8 --lang=en-US --framework-dir-path=/Library/Frameworks/Python.framework/Versions/3.6/lib/python3.6/site-packages/cefpython3/Chromium Embedded Framework.framework --lang=en-US --log-file=/Users/Jakob/Library/Logs/Python_debug.log --log-severity=warning --resources-dir-path=/Library/Frameworks/Python.framework/Versions/3.6/lib/python3.6/site-packages/cefpython3/Chromium Embedded Framework.framework/Resources --enable-pinch --num-raster-threads=2 --enable-gpu-rasterization --enable-zero-copy --enable-gpu-memory-buffer-compositor-resources --enable-main-frame-before-activation --content-image-texture-target=0,0,3553;0,1,3553;0,2,3553;0,3,3553;0,4,3553;0,5,3553;0,6,3553;0,7,3553;0,8,3553;0,9,3553;0,10,34037;0,11,34037;0,12,34037;0,13,3553;0,14,3553;0,15,3553;1,0,3553;1,1,3553;1,2,3553;1,3,3553;1,4,3553;1,5,3553;1,6,3553;1,7,3553;1,8,3553;1,9,3553;1,10,34037;1,11,34037;1,12,34037;1,13,3553;1,14,3553;1,15,3553;2,0,3553;2,1,3553;2,2,3553;2,3,3553;2,4,3553;2,5,34037;2,6,3553;2,7,3553;2,8,3553;2,9,3553;2,10,3553;2,11,3553;2,12,34037;2,13,3553;2,14,34037;2,15,34037;3,0,3553;3,1,3553;3,2,3553;3,3,3553;3,4,3553;3,5,34037;3,6,3553;3,7,3553;3,8,3553;3,9,3553;3,10,3553;3,11,3553;3,12,34037;3,13,3553;3,14,34037;3,15,34037 --service-request-channel-token=EF5A8B7619F363BC912C27B933712AE8 --renderer-client-id=3
[CEF Python] App: Renderer: OnContextCreated()
[CEF Python] App: Browser: OnProcessMessageReceived(): OnContextCreated
[CEF Python] V8ContextHandler_OnContextCreated()
[CEF Python] LifespanHandler_OnBeforeClose
[CEF Python] del g_pyFrames[1#2]
[CEF Python] del g_pyBrowsers[1]
[CEF Python] QuitMessageLoop()
[CEF Python] App: Renderer: OnContextReleased()
[CEF Python] App: Renderer: OnBrowserDestroyed()
[CEF Python] Shutdown()
[CEF Python] CefShutdown()
[CEF Python] Initialize() called
[CEF Python] CefExecuteProcess(): exitCode = -1
[CEF Python] CefInitialize()
[CEF Python] App_OnBeforeCommandLineProcessing_BrowserProcess()
[CEF Python] App: Command line string for the browser process:  --browser-subprocess-path=/Library/Frameworks/Python.framework/Versions/3.6/lib/python3.6/site-packages/cefpython3/subprocess --framework-dir-path=/Library/Frameworks/Python.framework/Versions/3.6/lib/python3.6/site-packages/cefpython3/Chromium Embedded Framework.framework --no-sandbox --lang=en-US --log-file=/Users/Jakob/Library/Logs/Python_debug.log --log-severity=warning --resources-dir-path=/Library/Frameworks/Python.framework/Versions/3.6/lib/python3.6/site-packages/cefpython3/Chromium Embedded Framework.framework/Resources --remote-debugging-port=64709
[CEF Python] BrowserProcessHandler_OnBeforeChildProcessLaunch()
[CEF Python] BrowserProcessHandler_OnBeforeChildProcessLaunch()
[CEF Python] CreateBrowserSync() called
[CEF Python] navigateUrl: https://www.google.com/
[CEF Python] CefBrowser::CreateBrowserSync()
[CEF Python] GetPyBrowser(): create new PyBrowser, browserId=1
[CEF Python] BrowserProcessHandler_OnBeforeChildProcessLaunch()
[CEF Python] CefBrowser::CreateBrowserSync() succeeded
[CEF Python] MessageLoop()
[CEF Python] App: Command line string for the renderer process: /Library/Frameworks/Python.framework/Versions/3.6/lib/python3.6/site-packages/cefpython3/subprocess --type=renderer --no-sandbox --disable-databases --primordial-pipe-token=96540035A2548467DA892B4079AF1985 --lang=en-US --framework-dir-path=/Library/Frameworks/Python.framework/Versions/3.6/lib/python3.6/site-packages/cefpython3/Chromium Embedded Framework.framework --lang=en-US --log-file=/Users/Jakob/Library/Logs/Python_debug.log --log-severity=warning --resources-dir-path=/Library/Frameworks/Python.framework/Versions/3.6/lib/python3.6/site-packages/cefpython3/Chromium Embedded Framework.framework/Resources --enable-pinch --num-raster-threads=2 --enable-gpu-rasterization --enable-zero-copy --enable-gpu-memory-buffer-compositor-resources --enable-main-frame-before-activation --content-image-texture-target=0,0,3553;0,1,3553;0,2,3553;0,3,3553;0,4,3553;0,5,3553;0,6,3553;0,7,3553;0,8,3553;0,9,3553;0,10,34037;0,11,34037;0,12,34037;0,13,3553;0,14,3553;0,15,3553;1,0,3553;1,1,3553;1,2,3553;1,3,3553;1,4,3553;1,5,3553;1,6,3553;1,7,3553;1,8,3553;1,9,3553;1,10,34037;1,11,34037;1,12,34037;1,13,3553;1,14,3553;1,15,3553;2,0,3553;2,1,3553;2,2,3553;2,3,3553;2,4,3553;2,5,34037;2,6,3553;2,7,3553;2,8,3553;2,9,3553;2,10,3553;2,11,3553;2,12,34037;2,13,3553;2,14,34037;2,15,34037;3,0,3553;3,1,3553;3,2,3553;3,3,3553;3,4,3553;3,5,34037;3,6,3553;3,7,3553;3,8,3553;3,9,3553;3,10,3553;3,11,3553;3,12,34037;3,13,3553;3,14,34037;3,15,34037 --service-request-channel-token=96540035A2548467DA892B4079AF1985 --renderer-client-id=3
[CEF Python] App: Renderer: OnContextCreated()
[CEF Python] App: Browser: OnProcessMessageReceived(): OnContextCreated
[CEF Python] V8ContextHandler_OnContextCreated()
[CEF Python] Initialize() called
[CEF Python] CefExecuteProcess(): exitCode = -1
[CEF Python] CefInitialize()
[CEF Python] App_OnBeforeCommandLineProcessing_BrowserProcess()
[CEF Python] App: Command line string for the browser process:  --browser-subprocess-path=/Users/Jakob/ENV/Jalo/lib/python3.5/site-packages/cefpython3/subprocess --framework-dir-path=/Users/Jakob/ENV/Jalo/lib/python3.5/site-packages/cefpython3/Chromium Embedded Framework.framework --no-sandbox --lang=en-US --log-file=/Users/Jakob/Library/Logs/python3.5_debug.log --log-severity=warning --resources-dir-path=/Users/Jakob/ENV/Jalo/lib/python3.5/site-packages/cefpython3/Chromium Embedded Framework.framework/Resources --remote-debugging-port=55929
[CEF Python] Initialize() called
[CEF Python] Initialize() called
[CEF Python] CefExecuteProcess(): exitCode = -1
[CEF Python] CefInitialize()
[CEF Python] App_OnBeforeCommandLineProcessing_BrowserProcess()
[CEF Python] App: Command line string for the browser process:  --browser-subprocess-path=/Users/Jakob/ENV/Jalo/lib/python3.5/site-packages/cefpython3/subprocess --framework-dir-path=/Users/Jakob/ENV/Jalo/lib/python3.5/site-packages/cefpython3/Chromium Embedded Framework.framework --no-sandbox --lang=en-US --log-file=/Users/Jakob/Library/Logs/python3.5_debug.log --log-severity=warning --resources-dir-path=/Users/Jakob/ENV/Jalo/lib/python3.5/site-packages/cefpython3/Chromium Embedded Framework.framework/Resources --remote-debugging-port=54339
[CEF Python] Initialize() called
[CEF Python] CefExecuteProcess(): exitCode = -1
[CEF Python] CefInitialize()
[CEF Python] App_OnBeforeCommandLineProcessing_BrowserProcess()
[CEF Python] App: Command line string for the browser process:  --browser-subprocess-path=/Users/Jakob/ENV/Jalo/lib/python3.5/site-packages/cefpython3/subprocess --framework-dir-path=/Users/Jakob/ENV/Jalo/lib/python3.5/site-packages/cefpython3/Chromium Embedded Framework.framework --no-sandbox --lang=en-US --log-file=/Users/Jakob/Library/Logs/python3.5_debug.log --log-severity=warning --resources-dir-path=/Users/Jakob/ENV/Jalo/lib/python3.5/site-packages/cefpython3/Chromium Embedded Framework.framework/Resources --remote-debugging-port=64906
[CEF Python] Initialize() called
[CEF Python] CefExecuteProcess(): exitCode = -1
[CEF Python] CefInitialize()
[CEF Python] App_OnBeforeCommandLineProcessing_BrowserProcess()
[CEF Python] App: Command line string for the browser process:  --browser-subprocess-path=/Users/Jakob/ENV/Jalo/lib/python3.5/site-packages/cefpython3/subprocess --framework-dir-path=/Users/Jakob/ENV/Jalo/lib/python3.5/site-packages/cefpython3/Chromium Embedded Framework.framework --no-sandbox --lang=en-US --log-file=/Users/Jakob/Library/Logs/python3.5_debug.log --log-severity=warning --resources-dir-path=/Users/Jakob/ENV/Jalo/lib/python3.5/site-packages/cefpython3/Chromium Embedded Framework.framework/Resources --remote-debugging-port=63836
[CEF Python] Initialize() called
[CEF Python] CefExecuteProcess(): exitCode = -1
[CEF Python] CefInitialize()
[CEF Python] App_OnBeforeCommandLineProcessing_BrowserProcess()
[CEF Python] App: Command line string for the browser process:  --browser-subprocess-path=/Users/Jakob/ENV/Jalo/lib/python3.5/site-packages/cefpython3/subprocess --framework-dir-path=/Users/Jakob/ENV/Jalo/lib/python3.5/site-packages/cefpython3/Chromium Embedded Framework.framework --no-sandbox --lang=en-US --log-file=/Users/Jakob/Library/Logs/python3.5_debug.log --log-severity=warning --resources-dir-path=/Users/Jakob/ENV/Jalo/lib/python3.5/site-packages/cefpython3/Chromium Embedded Framework.framework/Resources --remote-debugging-port=53538
[CEF Python] Initialize() called
[CEF Python] CefExecuteProcess(): exitCode = -1
[CEF Python] CefInitialize()
[CEF Python] App_OnBeforeCommandLineProcessing_BrowserProcess()
[CEF Python] App: Command line string for the browser process:  --browser-subprocess-path=/Users/Jakob/ENV/Jalo/lib/python3.5/site-packages/cefpython3/subprocess --framework-dir-path=/Users/Jakob/ENV/Jalo/lib/python3.5/site-packages/cefpython3/Chromium Embedded Framework.framework --no-sandbox --lang=en-US --log-file=/Users/Jakob/Library/Logs/python3.5_debug.log --log-severity=warning --resources-dir-path=/Users/Jakob/ENV/Jalo/lib/python3.5/site-packages/cefpython3/Chromium Embedded Framework.framework/Resources --remote-debugging-port=56585
[CEF Python] Initialize() called
[CEF Python] CefExecuteProcess(): exitCode = -1
[CEF Python] CefInitialize()
[CEF Python] App_OnBeforeCommandLineProcessing_BrowserProcess()
[CEF Python] App: Command line string for the browser process:  --browser-subprocess-path=/usr/local/lib/python3.6/site-packages/cefpython3/subprocess --framework-dir-path=/usr/local/lib/python3.6/site-packages/cefpython3/Chromium Embedded Framework.framework --no-sandbox --lang=en-US --log-file=/Users/Jakob/Library/Logs/Python_debug.log --log-severity=warning --resources-dir-path=/usr/local/lib/python3.6/site-packages/cefpython3/Chromium Embedded Framework.framework/Resources --remote-debugging-port=52056
[CEF Python] Initialize() called
[CEF Python] CefExecuteProcess(): exitCode = -1
[CEF Python] CefInitialize()
[CEF Python] App_OnBeforeCommandLineProcessing_BrowserProcess()
[CEF Python] App: Command line string for the browser process:  --browser-subprocess-path=/Users/Jakob/ENV/Jalo/lib/python3.5/site-packages/cefpython3/subprocess --framework-dir-path=/Users/Jakob/ENV/Jalo/lib/python3.5/site-packages/cefpython3/Chromium Embedded Framework.framework --no-sandbox --lang=en-US --log-file=/Users/Jakob/Library/Logs/python3.5_debug.log --log-severity=warning --resources-dir-path=/Users/Jakob/ENV/Jalo/lib/python3.5/site-packages/cefpython3/Chromium Embedded Framework.framework/Resources --remote-debugging-port=58177
[CEF Python] Initialize() called
[CEF Python] CefExecuteProcess(): exitCode = -1
[CEF Python] CefInitialize()
[CEF Python] App_OnBeforeCommandLineProcessing_BrowserProcess()
[CEF Python] App: Command line string for the browser process:  --browser-subprocess-path=/Users/Jakob/ENV/Jalo/lib/python3.5/site-packages/cefpython3/subprocess --framework-dir-path=/Users/Jakob/ENV/Jalo/lib/python3.5/site-packages/cefpython3/Chromium Embedded Framework.framework --no-sandbox --lang=en-US --log-file=/Users/Jakob/Library/Logs/python3.5_debug.log --log-severity=warning --resources-dir-path=/Users/Jakob/ENV/Jalo/lib/python3.5/site-packages/cefpython3/Chromium Embedded Framework.framework/Resources --remote-debugging-port=49767
[CEF Python] CreateBrowserSync() called
[CEF Python] navigateUrl: https://www.google.com/
[CEF Python] BrowserProcessHandler_OnBeforeChildProcessLaunch()
[CEF Python] BrowserProcessHandler_OnBeforeChildProcessLaunch()
[CEF Python] CefBrowser::CreateBrowserSync()
[CEF Python] GetPyBrowser(): create new PyBrowser, browserId=1
[CEF Python] BrowserProcessHandler_OnBeforeChildProcessLaunch()
[CEF Python] CefBrowser::CreateBrowserSync() succeeded
[CEF Python] MessageLoop()
[CEF Python] App: Command line string for the renderer process: /Users/Jakob/ENV/Jalo/lib/python3.5/site-packages/cefpython3/subprocess --type=renderer --no-sandbox --disable-databases --primordial-pipe-token=CF6EA3DD7AC9676065900EA4E8BC4E26 --lang=en-US --framework-dir-path=/Users/Jakob/ENV/Jalo/lib/python3.5/site-packages/cefpython3/Chromium Embedded Framework.framework --lang=en-US --log-file=/Users/Jakob/Library/Logs/python3.5_debug.log --log-severity=warning --resources-dir-path=/Users/Jakob/ENV/Jalo/lib/python3.5/site-packages/cefpython3/Chromium Embedded Framework.framework/Resources --enable-pinch --num-raster-threads=2 --enable-gpu-rasterization --enable-zero-copy --enable-gpu-memory-buffer-compositor-resources --enable-main-frame-before-activation --content-image-texture-target=0,0,3553;0,1,3553;0,2,3553;0,3,3553;0,4,3553;0,5,3553;0,6,3553;0,7,3553;0,8,3553;0,9,3553;0,10,34037;0,11,34037;0,12,34037;0,13,3553;0,14,3553;0,15,3553;1,0,3553;1,1,3553;1,2,3553;1,3,3553;1,4,3553;1,5,3553;1,6,3553;1,7,3553;1,8,3553;1,9,3553;1,10,34037;1,11,34037;1,12,34037;1,13,3553;1,14,3553;1,15,3553;2,0,3553;2,1,3553;2,2,3553;2,3,3553;2,4,3553;2,5,34037;2,6,3553;2,7,3553;2,8,3553;2,9,3553;2,10,3553;2,11,3553;2,12,34037;2,13,3553;2,14,34037;2,15,34037;3,0,3553;3,1,3553;3,2,3553;3,3,3553;3,4,3553;3,5,34037;3,6,3553;3,7,3553;3,8,3553;3,9,3553;3,10,3553;3,11,3553;3,12,34037;3,13,3553;3,14,34037;3,15,34037 --service-request-channel-token=CF6EA3DD7AC9676065900EA4E8BC4E26 --renderer-client-id=3
[CEF Python] App: Renderer: OnContextCreated()
[CEF Python] App: Browser: OnProcessMessageReceived(): OnContextCreated
[CEF Python] V8ContextHandler_OnContextCreated()
[CEF Python] LifespanHandler_OnBeforeClose
[CEF Python] del g_pyFrames[1#2]
[CEF Python] del g_pyBrowsers[1]
[CEF Python] QuitMessageLoop()
[CEF Python] App: Renderer: OnContextReleased()
[CEF Python] App: Renderer: OnBrowserDestroyed()
[CEF Python] Shutdown()
[CEF Python] CefShutdown()
